00:00:00.400749 VirtualBox GUI VM Selector Window 6.1.22 r144080 linux.amd64 (Jun 21 2021 10:09:41) release log
00:00:00.400753 Log opened 2021-07-03T20:44:07.480337000Z
00:00:00.400755 Build Type: release
00:00:00.400758 OS Product: Linux
00:00:00.400761 OS Release: 5.12.14-arch1-1
00:00:00.400763 OS Version: #1 SMP PREEMPT Thu, 01 Jul 2021 07:26:06 +0000
00:00:00.400793 DMI Product Name: MS-7B58
00:00:00.400808 DMI Product Version: 1.0
00:00:00.400815 Firmware type: UEFI
00:00:00.402281 Secure Boot: Disabled
00:00:00.402345 Host RAM: 32054MB (31.3GB) total, 30767MB (30.0GB) available
00:00:00.402351 Executable: /usr/lib/virtualbox/VirtualBox
00:00:00.402352 Process ID: 29259
00:00:00.402353 Package type: LINUX_64BITS_GENERIC (OSE)
00:00:00.402398 Qt version: 5.15.2
00:00:00.436134 GUI: UIMediumEnumerator: Medium-enumeration started...
00:00:00.436150 GUI: UIMediumEnumerator: Medium-enumeration finished!
00:00:05.088548 GUI: UIInvisibleWindow::sltFallback: Move event haven't came. Screen: 0, work area: 0x0 x 2560x1440
00:00:05.088592 GUI: UIDesktopWidgetWatchdog::sltHandleHostScreenAvailableGeometryCalculated: Screen 0 work area is actually resized to: 0x0 x 2560x1440
00:00:05.088638 GUI: UIInvisibleWindow::sltFallback: Resize event haven't came. Screen: 1, work area: 2560x0 x 2560x1440
00:00:05.088650 GUI: UIDesktopWidgetWatchdog::sltHandleHostScreenAvailableGeometryCalculated: Screen 1 work area is actually resized to: 2560x0 x 2560x1440
