00:00:00.000787 main     VirtualBox XPCOM Server 6.1.22 r144080 linux.amd64 (Jun 21 2021 10:09:41) release log
00:00:00.000789 main     Log opened 2021-07-03T20:44:07.173996000Z
00:00:00.000789 main     Build Type: release
00:00:00.000790 main     OS Product: Linux
00:00:00.000791 main     OS Release: 5.12.14-arch1-1
00:00:00.000791 main     OS Version: #1 SMP PREEMPT Thu, 01 Jul 2021 07:26:06 +0000
00:00:00.000801 main     DMI Product Name: MS-7B58
00:00:00.000805 main     DMI Product Version: 1.0
00:00:00.000807 main     Firmware type: UEFI
00:00:00.001661 main     Secure Boot: Disabled
00:00:00.001680 main     Host RAM: 32054MB (31.3GB) total, 30770MB (30.0GB) available
00:00:00.001682 main     Executable: /usr/lib/virtualbox/VBoxSVC
00:00:00.001682 main     Process ID: 29280
00:00:00.001683 main     Package type: LINUX_64BITS_GENERIC (OSE)
00:00:00.002579 main     IPC socket path: /tmp/.vbox-dcmag-ipc/ipcd
00:00:00.111305 nspr-2   VirtualBox: object creation starts
00:00:00.111500 nspr-2   Home directory: '/home/dcmag/.config/VirtualBox'
00:00:00.111986 nspr-2   Loading settings file "/home/dcmag/.config/VirtualBox/VirtualBox.xml" with version "1.12-linux"
00:00:00.133213 nspr-2   HostDnsMonitor: initializing
00:00:00.133817 nspr-2   NAT: resolv.conf: nameserver 75.75.75.75
00:00:00.133847 nspr-2   NAT: resolv.conf: nameserver 75.75.76.76
00:00:00.133859 nspr-2   NAT: resolv.conf: nameserver 2001:558:feed::1
00:00:00.133871 nspr-2   NAT: resolv.conf: too many nameserver lines, ignoring 2001:558:feed::2
00:00:00.133898 nspr-2   HostDnsMonitor: updating information
00:00:00.133933 nspr-2   HostDnsMonitor: old information
00:00:00.133941 nspr-2     no server entries
00:00:00.133950 nspr-2     no domain set
00:00:00.133957 nspr-2     no search string entries
00:00:00.133964 nspr-2   HostDnsMonitor: new information
00:00:00.133971 nspr-2     server 1: 75.75.75.75
00:00:00.133980 nspr-2     server 2: 75.75.76.76
00:00:00.133988 nspr-2     server 3: 2001:558:feed::1
00:00:00.133995 nspr-2     domain: hsd1.va.comcast.net
00:00:00.134003 nspr-2     search string 1: hsd1.va.comcast.net
00:00:00.141495 nspr-2   VD: VDInit finished with VINF_SUCCESS
00:00:00.142069 nspr-2   ERROR [COM]: aRC=NS_ERROR_FAILURE (0x80004005) aIID={027bc463-929c-40e8-bf16-fea557cd8e7e} aComponent={SystemPropertiesWrap} aText={Cannot determine default Guest Additions ISO location. Most likely they are not available}, preserve=false aResultDetail=0
00:00:00.143648 nspr-2   VirtualBox: object created
00:00:13.284474 nspr-2   Saving settings file "/home/dcmag/.config/VirtualBox/VirtualBox.xml" with version "1.12-linux"
00:00:15.083117 nspr-3   Saving settings file "/home/dcmag/.config/VirtualBox/VirtualBox.xml" with version "1.12-linux"
00:00:15.093399 nspr-2   Saving settings file "/home/dcmag/.config/VirtualBox/VirtualBox.xml" with version "1.12-linux"
00:00:15.101167 nspr-2   Saving settings file "/home/dcmag/.config/VirtualBox/VirtualBox.xml" with version "1.12-linux"
00:00:20.612293 main     VirtualBox: object deletion starts
00:00:20.612865 main     HostDnsMonitor: shutting down ...
00:00:20.624991 main     HostDnsMonitor: shut down
00:00:20.648409 Watcher  ERROR [COM]: aRC=E_ACCESSDENIED (0x80070005) aIID={d0a0163f-e254-4e5b-a1f2-011cf991c38d} aComponent={VirtualBoxWrap} aText={The object is not ready}, preserve=false aResultDetail=0
00:00:25.625144 main     {00007fb8080191b0} HostPowerServiceLinux::~HostPowerServiceLinux: RTThreadWait() for 5000 ms failed with VERR_TIMEOUT
00:00:25.625728 main     VirtualBox: object deleted
